<?xml version="1.0" encoding="UTF-8"?>
<!-- Generated by org.testng.reporters.JUnitXMLReporter -->
<testsuite ignored="0" hostname="Sowmyas-MacBook-Pro.local" failures="1" tests="1" name="Default test" time="11.425" errors="0" timestamp="22 Oct 2021 20:55:59 GMT">
  <testcase classname="org.tests.GoogleTest" name="googleSearchTest" time="11.393">
    <failure type="com.codeborne.selenide.ex.ListSizeMismatch" message="List size mismatch: expected: = 15, actual: 16, collection: .LC20lb.DKV0Md
Elements: [
	&amp;lt;h3 class=&amp;quot;LC20lb DKV0Md&amp;quot;&amp;gt;Selenide: concise UI tests in Java&amp;lt;/h3&amp;gt;,
	&amp;lt;h3 class=&amp;quot;LC20lb DKV0Md&amp;quot; displayed:false&amp;gt;&amp;lt;/h3&amp;gt;,
	&amp;lt;h3 class=&amp;quot;LC20lb DKV0Md&amp;quot; displayed:false&amp;gt;&amp;lt;/h3&amp;gt;,
	&amp;lt;h3 class=&amp;quot;LC20lb DKV0Md&amp;quot; displayed:false&amp;gt;&amp;lt;/h3&amp;gt;,
	&amp;lt;h3 class=&amp;quot;LC20lb DKV0Md&amp;quot; displayed:false&amp;gt;&amp;lt;/h3&amp;gt;,
	&amp;lt;h3 class=&amp;quot;LC20lb DKV0Md&amp;quot;&amp;gt;Selenide - Concise UI Tests with Java! - GitHub&amp;lt;/h3&amp;gt;,
	&amp;lt;h3 class=&amp;quot;LC20lb DKV0Md&amp;quot;&amp;gt;Selenide - Wikipedia&amp;lt;/h3&amp;gt;,
	&amp;lt;h3 class=&amp;quot;LC20lb DKV0Md&amp;quot;&amp;gt;Selenide a Java Based Automation Framework Overview&amp;lt;/h3&amp;gt;,
	&amp;lt;h3 class=&amp;quot;LC20lb DKV0Md&amp;quot;&amp;gt;Selenide - Concise UI Tests in Java - Methods &amp;amp; Tools&amp;lt;/h3&amp;gt;,
	&amp;lt;h3 class=&amp;quot;LC20lb DKV0Md&amp;quot;&amp;gt;Selenide - an overview | ScienceDirect Topics&amp;lt;/h3&amp;gt;,
	&amp;lt;h3 class=&amp;quot;LC20lb DKV0Md&amp;quot;&amp;gt;Selenide: a powerful testing framework - Sonalake&amp;lt;/h3&amp;gt;,
	&amp;lt;h3 class=&amp;quot;LC20lb DKV0Md&amp;quot;&amp;gt;Selenide - com.codeborne - Maven Repository&amp;lt;/h3&amp;gt;,
	&amp;lt;h3 class=&amp;quot;LC20lb DKV0Md&amp;quot; displayed:false&amp;gt;&amp;lt;/h3&amp;gt;,
	&amp;lt;h3 class=&amp;quot;LC20lb DKV0Md&amp;quot; displayed:false&amp;gt;&amp;lt;/h3&amp;gt;,
	&amp;lt;h3 class=&amp;quot;LC20lb DKV0Md&amp;quot; displayed:false&amp;gt;&amp;lt;/h3&amp;gt;,
	&amp;lt;h3 class=&amp;quot;LC20lb DKV0Md&amp;quot; displayed:false&amp;gt;&amp;lt;/h3&amp;gt;
]
Screenshot: file:/Users/sowmyakaanugovi/eclipse-workspace/SelenideSessions/build/reports/tests/1634936158623.0.png
Page source: file:/Users/sowmyakaanugovi/eclipse-workspace/SelenideSessions/build/reports/tests/1634936158623.0.html
Timeout: 4 s.">
      <![CDATA[List size mismatch: expected: = 15, actual: 16, collection: .LC20lb.DKV0Md
Elements: [
<h3 class="LC20lb DKV0Md">Selenide: concise UI tests in Java</h3>,
<h3 class="LC20lb DKV0Md" displayed:false></h3>,
<h3 class="LC20lb DKV0Md" displayed:false></h3>,
<h3 class="LC20lb DKV0Md" displayed:false></h3>,
<h3 class="LC20lb DKV0Md" displayed:false></h3>,
<h3 class="LC20lb DKV0Md">Selenide - Concise UI Tests with Java! - GitHub</h3>,
<h3 class="LC20lb DKV0Md">Selenide - Wikipedia</h3>,
<h3 class="LC20lb DKV0Md">Selenide a Java Based Automation Framework Overview</h3>,
<h3 class="LC20lb DKV0Md">Selenide - Concise UI Tests in Java - Methods & Tools</h3>,
<h3 class="LC20lb DKV0Md">Selenide - an overview | ScienceDirect Topics</h3>,
<h3 class="LC20lb DKV0Md">Selenide: a powerful testing framework - Sonalake</h3>,
<h3 class="LC20lb DKV0Md">Selenide - com.codeborne - Maven Repository</h3>,
<h3 class="LC20lb DKV0Md" displayed:false></h3>,
<h3 class="LC20lb DKV0Md" displayed:false></h3>,
<h3 class="LC20lb DKV0Md" displayed:false></h3>,
<h3 class="LC20lb DKV0Md" displayed:false></h3>
]
Screenshot: file:/Users/sowmyakaanugovi/eclipse-workspace/SelenideSessions/build/reports/tests/1634936158623.0.png
Page source: file:/Users/sowmyakaanugovi/eclipse-workspace/SelenideSessions/build/reports/tests/1634936158623.0.html
Timeout: 4 s.
at com.codeborne.selenide.collections.ListSize.fail(ListSize.java:32)
at com.codeborne.selenide.ElementsCollection.waitUntil(ElementsCollection.java:221)
at com.codeborne.selenide.ElementsCollection.should(ElementsCollection.java:166)
at com.codeborne.selenide.ElementsCollection.shouldHave(ElementsCollection.java:128)
at org.tests.GoogleTest.googleSearchTest(GoogleTest.java:26)
at java.base/jdk.internal.reflect.NativeMethodAccessorImpl.invoke0(Native Method)
at java.base/jdk.internal.reflect.NativeMethodAccessorImpl.invoke(NativeMethodAccessorImpl.java:78)
at java.base/jdk.internal.reflect.DelegatingMethodAccessorImpl.invoke(DelegatingMethodAccessorImpl.java:43)
at java.base/java.lang.reflect.Method.invoke(Method.java:567)
at org.testng.internal.MethodInvocationHelper.invokeMethod(MethodInvocationHelper.java:124)
at org.testng.internal.Invoker.invokeMethod(Invoker.java:583)
at org.testng.internal.Invoker.invokeTestMethod(Invoker.java:719)
at org.testng.internal.Invoker.invokeTestMethods(Invoker.java:989)
at org.testng.internal.TestMethodWorker.invokeTestMethods(TestMethodWorker.java:125)
at org.testng.internal.TestMethodWorker.run(TestMethodWorker.java:109)
at org.testng.TestRunner.privateRun(TestRunner.java:648)
at org.testng.TestRunner.run(TestRunner.java:505)
at org.testng.SuiteRunner.runTest(SuiteRunner.java:455)
at org.testng.SuiteRunner.runSequentially(SuiteRunner.java:450)
at org.testng.SuiteRunner.privateRun(SuiteRunner.java:415)
at org.testng.SuiteRunner.run(SuiteRunner.java:364)
at org.testng.SuiteRunnerWorker.runSuite(SuiteRunnerWorker.java:52)
at org.testng.SuiteRunnerWorker.run(SuiteRunnerWorker.java:84)
at org.testng.TestNG.runSuitesSequentially(TestNG.java:1208)
at org.testng.TestNG.runSuitesLocally(TestNG.java:1137)
at org.testng.TestNG.runSuites(TestNG.java:1049)
at org.testng.TestNG.run(TestNG.java:1017)
at org.testng.remote.AbstractRemoteTestNG.run(AbstractRemoteTestNG.java:115)
at org.testng.remote.RemoteTestNG.initAndRun(RemoteTestNG.java:251)
at org.testng.remote.RemoteTestNG.main(RemoteTestNG.java:77)
]]>
    </failure>
  </testcase> <!-- googleSearchTest -->
</testsuite> <!-- Default test -->
